Detecting C compiler ABI info failed to compile with the following output:
Change Dir: /home/alif_b_ml-embedded-evaluation-kit-main/build_he/CMakeFiles/CMakeScratch/TryCompile-b8cYAe

Run Build Command(s):/usr/bin/make -f Makefile cmTC_e3834/fast && /usr/bin/make  -f CMakeFiles/cmTC_e3834.dir/build.make CMakeFiles/cmTC_e3834.dir/build
make[1]: Entering directory '/home/alif_b_ml-embedded-evaluation-kit-main/build_he/CMakeFiles/CMakeScratch/TryCompile-b8cYAe'
Building C object CMakeFiles/cmTC_e3834.dir/CMakeCCompilerABI.c.obj
/home/gcc-arm-none-eabi-10.3-2021.10/bin/arm-none-eabi-gcc -DCPU_CORTEX_M55 -DCPU_HEADER_FILE=\"ARMCM55.h\"  -v -Wall -Wextra -Wvla -Wno-psabi -funsigned-char -fdata-sections -fno-function-sections -mthumb -mlittle-endian -MD -mfloat-abi=hard -mcpu=cortex-m55 -std=c99 -o CMakeFiles/cmTC_e3834.dir/CMakeCCompilerABI.c.obj -c /home/ml-embedded-evaluation-kit/resources_downloaded/env/lib/python3.9/site-packages/cmake/data/share/cmake-3.25/Modules/CMakeCCompilerABI.c
Using built-in specs.
COLLECT_GCC=/home/gcc-arm-none-eabi-10.3-2021.10/bin/arm-none-eabi-gcc
Target: arm-none-eabi
Configured with: /mnt/workspace/workspace/GCC-10-pipeline/jenkins-GCC-10-pipeline-338_20211018_1634516203/src/gcc/configure --target=arm-none-eabi --prefix=/mnt/workspace/workspace/GCC-10-pipeline/jenkins-GCC-10-pipeline-338_20211018_1634516203/install-native --libexecdir=/mnt/workspace/workspace/GCC-10-pipeline/jenkins-GCC-10-pipeline-338_20211018_1634516203/install-native/lib --infodir=/mnt/workspace/workspace/GCC-10-pipeline/jenkins-GCC-10-pipeline-338_20211018_1634516203/install-native/share/doc/gcc-arm-none-eabi/info --mandir=/mnt/workspace/workspace/GCC-10-pipeline/jenkins-GCC-10-pipeline-338_20211018_1634516203/install-native/share/doc/gcc-arm-none-eabi/man --htmldir=/mnt/workspace/workspace/GCC-10-pipeline/jenkins-GCC-10-pipeline-338_20211018_1634516203/install-native/share/doc/gcc-arm-none-eabi/html --pdfdir=/mnt/workspace/workspace/GCC-10-pipeline/jenkins-GCC-10-pipeline-338_20211018_1634516203/install-native/share/doc/gcc-arm-none-eabi/pdf --enable-languages=c,c++ --enable-plugins --disable-decimal-float --disable-libffi --disable-libgomp --disable-libmudflap --disable-libquadmath --disable-libssp --disable-libstdcxx-pch --disable-nls --disable-shared --disable-threads --disable-tls --with-gnu-as --with-gnu-ld --with-newlib --with-headers=yes --with-python-dir=share/gcc-arm-none-eabi --with-sysroot=/mnt/workspace/workspace/GCC-10-pipeline/jenkins-GCC-10-pipeline-338_20211018_1634516203/install-native/arm-none-eabi --build=x86_64-linux-gnu --host=x86_64-linux-gnu --with-gmp=/mnt/workspace/workspace/GCC-10-pipeline/jenkins-GCC-10-pipeline-338_20211018_1634516203/build-native/host-libs/usr --with-mpfr=/mnt/workspace/workspace/GCC-10-pipeline/jenkins-GCC-10-pipeline-338_20211018_1634516203/build-native/host-libs/usr --with-mpc=/mnt/workspace/workspace/GCC-10-pipeline/jenkins-GCC-10-pipeline-338_20211018_1634516203/build-native/host-libs/usr --with-isl=/mnt/workspace/workspace/GCC-10-pipeline/jenkins-GCC-10-pipeline-338_20211018_1634516203/build-native/host-libs/usr --with-libelf=/mnt/workspace/workspace/GCC-10-pipeline/jenkins-GCC-10-pipeline-338_20211018_1634516203/build-native/host-libs/usr --with-host-libstdcxx='-static-libgcc -Wl,-Bstatic,-lstdc++,-Bdynamic -lm' --with-pkgversion='GNU Arm Embedded Toolchain 10.3-2021.10' --with-multilib-list=rmprofile,aprofile
Thread model: single
Supported LTO compression algorithms: zlib
gcc version 10.3.1 20210824 (release) (GNU Arm Embedded Toolchain 10.3-2021.10) 
COLLECT_GCC_OPTIONS='-D' 'CPU_CORTEX_M55' '-D' 'CPU_HEADER_FILE="ARMCM55.h"' '-v' '-Wall' '-Wextra' '-Wvla' '-Wno-psabi' '-funsigned-char' '-fdata-sections' '-fno-function-sections' '-mthumb' '-mlittle-endian' '-MD' '-mfloat-abi=hard' '-mcpu=cortex-m55' '-std=c99' '-o' 'CMakeFiles/cmTC_e3834.dir/CMakeCCompilerABI.c.obj' '-c' '-mlibarch=armv8.1-m.main+fp.dp+mve.fp' '-march=armv8.1-m.main+fp.dp+mve.fp'
 /home/gcc-arm-none-eabi-10.3-2021.10/bin/../lib/gcc/arm-none-eabi/10.3.1/cc1 -quiet -v -imultilib thumb/v8-m.main+dp/hard -iprefix /home/gcc-arm-none-eabi-10.3-2021.10/bin/../lib/gcc/arm-none-eabi/10.3.1/ -isysroot /home/gcc-arm-none-eabi-10.3-2021.10/bin/../arm-none-eabi -MD CMakeFiles/cmTC_e3834.dir/CMakeCCompilerABI.c.d -MQ CMakeFiles/cmTC_e3834.dir/CMakeCCompilerABI.c.obj -D__USES_INITFINI__ -D CPU_CORTEX_M55 -D CPU_HEADER_FILE="ARMCM55.h" /home/ml-embedded-evaluation-kit/resources_downloaded/env/lib/python3.9/site-packages/cmake/data/share/cmake-3.25/Modules/CMakeCCompilerABI.c -quiet -dumpbase CMakeCCompilerABI.c -mthumb -mlittle-endian -mfloat-abi=hard -mcpu=cortex-m55 -mlibarch=armv8.1-m.main+fp.dp+mve.fp -march=armv8.1-m.main+fp.dp+mve.fp -auxbase-strip CMakeFiles/cmTC_e3834.dir/CMakeCCompilerABI.c.obj -Wall -Wextra -Wvla -Wno-psabi -std=c99 -version -funsigned-char -fdata-sections -fno-function-sections -o /tmp/ccyKjyuu.s
GNU C99 (GNU Arm Embedded Toolchain 10.3-2021.10) version 10.3.1 20210824 (release) (arm-none-eabi)
	compiled by GNU C version 4.8.4, GMP version 6.1.0, MPFR version 3.1.4, MPC version 1.0.3, isl version isl-0.18-GMP

GGC heuristics: --param ggc-min-expand=100 --param ggc-min-heapsize=131072
ignoring duplicate directory "/home/gcc-arm-none-eabi-10.3-2021.10/bin/../lib/gcc/../../lib/gcc/arm-none-eabi/10.3.1/include"
ignoring nonexistent directory "/home/gcc-arm-none-eabi-10.3-2021.10/bin/../arm-none-eabi/usr/local/include"
ignoring duplicate directory "/home/gcc-arm-none-eabi-10.3-2021.10/bin/../lib/gcc/../../lib/gcc/arm-none-eabi/10.3.1/include-fixed"
ignoring duplicate directory "/home/gcc-arm-none-eabi-10.3-2021.10/bin/../lib/gcc/../../lib/gcc/arm-none-eabi/10.3.1/../../../../arm-none-eabi/include"
ignoring nonexistent directory "/home/gcc-arm-none-eabi-10.3-2021.10/bin/../arm-none-eabi/usr/include"
#include "..." search starts here:
#include <...> search starts here:
 /home/gcc-arm-none-eabi-10.3-2021.10/bin/../lib/gcc/arm-none-eabi/10.3.1/include
 /home/gcc-arm-none-eabi-10.3-2021.10/bin/../lib/gcc/arm-none-eabi/10.3.1/include-fixed
 /home/gcc-arm-none-eabi-10.3-2021.10/bin/../lib/gcc/arm-none-eabi/10.3.1/../../../../arm-none-eabi/include
End of search list.
GNU C99 (GNU Arm Embedded Toolchain 10.3-2021.10) version 10.3.1 20210824 (release) (arm-none-eabi)
	compiled by GNU C version 4.8.4, GMP version 6.1.0, MPFR version 3.1.4, MPC version 1.0.3, isl version isl-0.18-GMP

GGC heuristics: --param ggc-min-expand=100 --param ggc-min-heapsize=131072
Compiler executable checksum: ada28fdd13bdd399f195284d34df0081
COLLECT_GCC_OPTIONS='-D' 'CPU_CORTEX_M55' '-D' 'CPU_HEADER_FILE="ARMCM55.h"' '-v' '-Wall' '-Wextra' '-Wvla' '-Wno-psabi' '-funsigned-char' '-fdata-sections' '-fno-function-sections' '-mthumb' '-mlittle-endian' '-MD' '-mfloat-abi=hard' '-mcpu=cortex-m55' '-std=c99' '-o' 'CMakeFiles/cmTC_e3834.dir/CMakeCCompilerABI.c.obj' '-c' '-mlibarch=armv8.1-m.main+fp.dp+mve.fp' '-march=armv8.1-m.main+fp.dp+mve.fp'
 /home/gcc-arm-none-eabi-10.3-2021.10/bin/../lib/gcc/arm-none-eabi/10.3.1/../../../../arm-none-eabi/bin/as -v -EL -march=armv8.1-m.main+fp.dp+mve.fp -mfloat-abi=hard -meabi=5 -o CMakeFiles/cmTC_e3834.dir/CMakeCCompilerABI.c.obj /tmp/ccyKjyuu.s
GNU assembler version 2.36.1 (arm-none-eabi) using BFD version (GNU Arm Embedded Toolchain 10.3-2021.10) 2.36.1.20210621
COMPILER_PATH=/home/gcc-arm-none-eabi-10.3-2021.10/bin/../lib/gcc/arm-none-eabi/10.3.1/:/home/gcc-arm-none-eabi-10.3-2021.10/bin/../lib/gcc/:/home/gcc-arm-none-eabi-10.3-2021.10/bin/../lib/gcc/arm-none-eabi/10.3.1/../../../../arm-none-eabi/bin/
LIBRARY_PATH=/home/gcc-arm-none-eabi-10.3-2021.10/bin/../lib/gcc/arm-none-eabi/10.3.1/thumb/v8-m.main+dp/hard/:/home/gcc-arm-none-eabi-10.3-2021.10/bin/../lib/gcc/arm-none-eabi/10.3.1/../../../../arm-none-eabi/lib/thumb/v8-m.main+dp/hard/:/home/gcc-arm-none-eabi-10.3-2021.10/bin/../arm-none-eabi/lib/thumb/v8-m.main+dp/hard/:/home/gcc-arm-none-eabi-10.3-2021.10/bin/../lib/gcc/arm-none-eabi/10.3.1/:/home/gcc-arm-none-eabi-10.3-2021.10/bin/../lib/gcc/:/home/gcc-arm-none-eabi-10.3-2021.10/bin/../lib/gcc/arm-none-eabi/10.3.1/../../../../arm-none-eabi/lib/:/home/gcc-arm-none-eabi-10.3-2021.10/bin/../arm-none-eabi/lib/
COLLECT_GCC_OPTIONS='-D' 'CPU_CORTEX_M55' '-D' 'CPU_HEADER_FILE="ARMCM55.h"' '-v' '-Wall' '-Wextra' '-Wvla' '-Wno-psabi' '-funsigned-char' '-fdata-sections' '-fno-function-sections' '-mthumb' '-mlittle-endian' '-MD' '-mfloat-abi=hard' '-mcpu=cortex-m55' '-std=c99' '-o' 'CMakeFiles/cmTC_e3834.dir/CMakeCCompilerABI.c.obj' '-c' '-mlibarch=armv8.1-m.main+fp.dp+mve.fp' '-march=armv8.1-m.main+fp.dp+mve.fp'
Linking C executable cmTC_e3834
/home/ml-embedded-evaluation-kit/resources_downloaded/env/lib/python3.9/site-packages/cmake/data/bin/cmake -E cmake_link_script CMakeFiles/cmTC_e3834.dir/link.txt --verbose=1
/home/gcc-arm-none-eabi-10.3-2021.10/bin/arm-none-eabi-gcc  -v -mthumb -mcpu=cortex-m55 -mfloat-abi=hard -mlittle-endian --stats -Xlinker --gc-sections CMakeFiles/cmTC_e3834.dir/CMakeCCompilerABI.c.obj -o cmTC_e3834 
Using built-in specs.
COLLECT_GCC=/home/gcc-arm-none-eabi-10.3-2021.10/bin/arm-none-eabi-gcc
COLLECT_LTO_WRAPPER=/home/gcc-arm-none-eabi-10.3-2021.10/bin/../lib/gcc/arm-none-eabi/10.3.1/lto-wrapper
Target: arm-none-eabi
Configured with: /mnt/workspace/workspace/GCC-10-pipeline/jenkins-GCC-10-pipeline-338_20211018_1634516203/src/gcc/configure --target=arm-none-eabi --prefix=/mnt/workspace/workspace/GCC-10-pipeline/jenkins-GCC-10-pipeline-338_20211018_1634516203/install-native --libexecdir=/mnt/workspace/workspace/GCC-10-pipeline/jenkins-GCC-10-pipeline-338_20211018_1634516203/install-native/lib --infodir=/mnt/workspace/workspace/GCC-10-pipeline/jenkins-GCC-10-pipeline-338_20211018_1634516203/install-native/share/doc/gcc-arm-none-eabi/info --mandir=/mnt/workspace/workspace/GCC-10-pipeline/jenkins-GCC-10-pipeline-338_20211018_1634516203/install-native/share/doc/gcc-arm-none-eabi/man --htmldir=/mnt/workspace/workspace/GCC-10-pipeline/jenkins-GCC-10-pipeline-338_20211018_1634516203/install-native/share/doc/gcc-arm-none-eabi/html --pdfdir=/mnt/workspace/workspace/GCC-10-pipeline/jenkins-GCC-10-pipeline-338_20211018_1634516203/install-native/share/doc/gcc-arm-none-eabi/pdf --enable-languages=c,c++ --enable-plugins --disable-decimal-float --disable-libffi --disable-libgomp --disable-libmudflap --disable-libquadmath --disable-libssp --disable-libstdcxx-pch --disable-nls --disable-shared --disable-threads --disable-tls --with-gnu-as --with-gnu-ld --with-newlib --with-headers=yes --with-python-dir=share/gcc-arm-none-eabi --with-sysroot=/mnt/workspace/workspace/GCC-10-pipeline/jenkins-GCC-10-pipeline-338_20211018_1634516203/install-native/arm-none-eabi --build=x86_64-linux-gnu --host=x86_64-linux-gnu --with-gmp=/mnt/workspace/workspace/GCC-10-pipeline/jenkins-GCC-10-pipeline-338_20211018_1634516203/build-native/host-libs/usr --with-mpfr=/mnt/workspace/workspace/GCC-10-pipeline/jenkins-GCC-10-pipeline-338_20211018_1634516203/build-native/host-libs/usr --with-mpc=/mnt/workspace/workspace/GCC-10-pipeline/jenkins-GCC-10-pipeline-338_20211018_1634516203/build-native/host-libs/usr --with-isl=/mnt/workspace/workspace/GCC-10-pipeline/jenkins-GCC-10-pipeline-338_20211018_1634516203/build-native/host-libs/usr --with-libelf=/mnt/workspace/workspace/GCC-10-pipeline/jenkins-GCC-10-pipeline-338_20211018_1634516203/build-native/host-libs/usr --with-host-libstdcxx='-static-libgcc -Wl,-Bstatic,-lstdc++,-Bdynamic -lm' --with-pkgversion='GNU Arm Embedded Toolchain 10.3-2021.10' --with-multilib-list=rmprofile,aprofile
Thread model: single
Supported LTO compression algorithms: zlib
gcc version 10.3.1 20210824 (release) (GNU Arm Embedded Toolchain 10.3-2021.10) 
COMPILER_PATH=/home/gcc-arm-none-eabi-10.3-2021.10/bin/../lib/gcc/arm-none-eabi/10.3.1/:/home/gcc-arm-none-eabi-10.3-2021.10/bin/../lib/gcc/:/home/gcc-arm-none-eabi-10.3-2021.10/bin/../lib/gcc/arm-none-eabi/10.3.1/../../../../arm-none-eabi/bin/
LIBRARY_PATH=/home/gcc-arm-none-eabi-10.3-2021.10/bin/../lib/gcc/arm-none-eabi/10.3.1/thumb/v8-m.main+dp/hard/:/home/gcc-arm-none-eabi-10.3-2021.10/bin/../lib/gcc/arm-none-eabi/10.3.1/../../../../arm-none-eabi/lib/thumb/v8-m.main+dp/hard/:/home/gcc-arm-none-eabi-10.3-2021.10/bin/../arm-none-eabi/lib/thumb/v8-m.main+dp/hard/:/home/gcc-arm-none-eabi-10.3-2021.10/bin/../lib/gcc/arm-none-eabi/10.3.1/:/home/gcc-arm-none-eabi-10.3-2021.10/bin/../lib/gcc/:/home/gcc-arm-none-eabi-10.3-2021.10/bin/../lib/gcc/arm-none-eabi/10.3.1/../../../../arm-none-eabi/lib/:/home/gcc-arm-none-eabi-10.3-2021.10/bin/../arm-none-eabi/lib/
COLLECT_GCC_OPTIONS='-v' '-mthumb' '-mcpu=cortex-m55' '-mfloat-abi=hard' '-mlittle-endian' '-fstats' '-o' 'cmTC_e3834' '-mlibarch=armv8.1-m.main+fp.dp+mve.fp' '-march=armv8.1-m.main+fp.dp+mve.fp'
 /home/gcc-arm-none-eabi-10.3-2021.10/bin/../lib/gcc/arm-none-eabi/10.3.1/collect2 -plugin /home/gcc-arm-none-eabi-10.3-2021.10/bin/../lib/gcc/arm-none-eabi/10.3.1/liblto_plugin.so -plugin-opt=/home/gcc-arm-none-eabi-10.3-2021.10/bin/../lib/gcc/arm-none-eabi/10.3.1/lto-wrapper -plugin-opt=-fresolution=/tmp/ccFeFwIT.res -plugin-opt=-pass-through=-lgcc -plugin-opt=-pass-through=-lc --sysroot=/home/gcc-arm-none-eabi-10.3-2021.10/bin/../arm-none-eabi -EL -X -o cmTC_e3834 /home/gcc-arm-none-eabi-10.3-2021.10/bin/../lib/gcc/arm-none-eabi/10.3.1/thumb/v8-m.main+dp/hard/crti.o /home/gcc-arm-none-eabi-10.3-2021.10/bin/../lib/gcc/arm-none-eabi/10.3.1/thumb/v8-m.main+dp/hard/crtbegin.o /home/gcc-arm-none-eabi-10.3-2021.10/bin/../lib/gcc/arm-none-eabi/10.3.1/../../../../arm-none-eabi/lib/thumb/v8-m.main+dp/hard/crt0.o -L/home/gcc-arm-none-eabi-10.3-2021.10/bin/../lib/gcc/arm-none-eabi/10.3.1/thumb/v8-m.main+dp/hard -L/home/gcc-arm-none-eabi-10.3-2021.10/bin/../lib/gcc/arm-none-eabi/10.3.1/../../../../arm-none-eabi/lib/thumb/v8-m.main+dp/hard -L/home/gcc-arm-none-eabi-10.3-2021.10/bin/../arm-none-eabi/lib/thumb/v8-m.main+dp/hard -L/home/gcc-arm-none-eabi-10.3-2021.10/bin/../lib/gcc/arm-none-eabi/10.3.1 -L/home/gcc-arm-none-eabi-10.3-2021.10/bin/../lib/gcc -L/home/gcc-arm-none-eabi-10.3-2021.10/bin/../lib/gcc/arm-none-eabi/10.3.1/../../../../arm-none-eabi/lib -L/home/gcc-arm-none-eabi-10.3-2021.10/bin/../arm-none-eabi/lib --gc-sections CMakeFiles/cmTC_e3834.dir/CMakeCCompilerABI.c.obj --start-group -lgcc -lc --end-group /home/gcc-arm-none-eabi-10.3-2021.10/bin/../lib/gcc/arm-none-eabi/10.3.1/thumb/v8-m.main+dp/hard/crtend.o /home/gcc-arm-none-eabi-10.3-2021.10/bin/../lib/gcc/arm-none-eabi/10.3.1/thumb/v8-m.main+dp/hard/crtn.o
/home/gcc-arm-none-eabi-10.3-2021.10/bin/../lib/gcc/arm-none-eabi/10.3.1/../../../../arm-none-eabi/bin/ld: /home/gcc-arm-none-eabi-10.3-2021.10/bin/../lib/gcc/arm-none-eabi/10.3.1/../../../../arm-none-eabi/lib/thumb/v8-m.main+dp/hard/libc.a(lib_a-exit.o): in function `exit':
exit.c:(.text.exit+0x16): undefined reference to `_exit'
collect2: error: ld returned 1 exit status
make[1]: *** [CMakeFiles/cmTC_e3834.dir/build.make:99: cmTC_e3834] Error 1
make[1]: Leaving directory '/home/alif_b_ml-embedded-evaluation-kit-main/build_he/CMakeFiles/CMakeScratch/TryCompile-b8cYAe'
make: *** [Makefile:127: cmTC_e3834/fast] Error 2




Detecting CXX compiler ABI info failed to compile with the following output:
Change Dir: /home/alif_b_ml-embedded-evaluation-kit-main/build_he/CMakeFiles/CMakeScratch/TryCompile-tbri6a

Run Build Command(s):/usr/bin/make -f Makefile cmTC_26b7e/fast && /usr/bin/make  -f CMakeFiles/cmTC_26b7e.dir/build.make CMakeFiles/cmTC_26b7e.dir/build
make[1]: Entering directory '/home/alif_b_ml-embedded-evaluation-kit-main/build_he/CMakeFiles/CMakeScratch/TryCompile-tbri6a'
Building CXX object CMakeFiles/cmTC_26b7e.dir/CMakeCXXCompilerABI.cpp.obj
/home/gcc-arm-none-eabi-10.3-2021.10/bin/arm-none-eabi-g++ -DCPU_CORTEX_M55 -DCPU_HEADER_FILE=\"ARMCM55.h\"  -v -Wall -Wextra -Wvla -Wno-psabi -funsigned-char -fdata-sections -fno-function-sections -fno-unwind-tables -fno-rtti -fno-exceptions -mthumb -mlittle-endian -MD -mfloat-abi=hard -mcpu=cortex-m55 -std=c++14 -o CMakeFiles/cmTC_26b7e.dir/CMakeCXXCompilerABI.cpp.obj -c /home/ml-embedded-evaluation-kit/resources_downloaded/env/lib/python3.9/site-packages/cmake/data/share/cmake-3.25/Modules/CMakeCXXCompilerABI.cpp
Using built-in specs.
COLLECT_GCC=/home/gcc-arm-none-eabi-10.3-2021.10/bin/arm-none-eabi-g++
Target: arm-none-eabi
Configured with: /mnt/workspace/workspace/GCC-10-pipeline/jenkins-GCC-10-pipeline-338_20211018_1634516203/src/gcc/configure --target=arm-none-eabi --prefix=/mnt/workspace/workspace/GCC-10-pipeline/jenkins-GCC-10-pipeline-338_20211018_1634516203/install-native --libexecdir=/mnt/workspace/workspace/GCC-10-pipeline/jenkins-GCC-10-pipeline-338_20211018_1634516203/install-native/lib --infodir=/mnt/workspace/workspace/GCC-10-pipeline/jenkins-GCC-10-pipeline-338_20211018_1634516203/install-native/share/doc/gcc-arm-none-eabi/info --mandir=/mnt/workspace/workspace/GCC-10-pipeline/jenkins-GCC-10-pipeline-338_20211018_1634516203/install-native/share/doc/gcc-arm-none-eabi/man --htmldir=/mnt/workspace/workspace/GCC-10-pipeline/jenkins-GCC-10-pipeline-338_20211018_1634516203/install-native/share/doc/gcc-arm-none-eabi/html --pdfdir=/mnt/workspace/workspace/GCC-10-pipeline/jenkins-GCC-10-pipeline-338_20211018_1634516203/install-native/share/doc/gcc-arm-none-eabi/pdf --enable-languages=c,c++ --enable-plugins --disable-decimal-float --disable-libffi --disable-libgomp --disable-libmudflap --disable-libquadmath --disable-libssp --disable-libstdcxx-pch --disable-nls --disable-shared --disable-threads --disable-tls --with-gnu-as --with-gnu-ld --with-newlib --with-headers=yes --with-python-dir=share/gcc-arm-none-eabi --with-sysroot=/mnt/workspace/workspace/GCC-10-pipeline/jenkins-GCC-10-pipeline-338_20211018_1634516203/install-native/arm-none-eabi --build=x86_64-linux-gnu --host=x86_64-linux-gnu --with-gmp=/mnt/workspace/workspace/GCC-10-pipeline/jenkins-GCC-10-pipeline-338_20211018_1634516203/build-native/host-libs/usr --with-mpfr=/mnt/workspace/workspace/GCC-10-pipeline/jenkins-GCC-10-pipeline-338_20211018_1634516203/build-native/host-libs/usr --with-mpc=/mnt/workspace/workspace/GCC-10-pipeline/jenkins-GCC-10-pipeline-338_20211018_1634516203/build-native/host-libs/usr --with-isl=/mnt/workspace/workspace/GCC-10-pipeline/jenkins-GCC-10-pipeline-338_20211018_1634516203/build-native/host-libs/usr --with-libelf=/mnt/workspace/workspace/GCC-10-pipeline/jenkins-GCC-10-pipeline-338_20211018_1634516203/build-native/host-libs/usr --with-host-libstdcxx='-static-libgcc -Wl,-Bstatic,-lstdc++,-Bdynamic -lm' --with-pkgversion='GNU Arm Embedded Toolchain 10.3-2021.10' --with-multilib-list=rmprofile,aprofile
Thread model: single
Supported LTO compression algorithms: zlib
gcc version 10.3.1 20210824 (release) (GNU Arm Embedded Toolchain 10.3-2021.10) 
COLLECT_GCC_OPTIONS='-D' 'CPU_CORTEX_M55' '-D' 'CPU_HEADER_FILE="ARMCM55.h"' '-v' '-Wall' '-Wextra' '-Wvla' '-Wno-psabi' '-funsigned-char' '-fdata-sections' '-fno-function-sections' '-fno-unwind-tables' '-fno-rtti' '-fno-exceptions' '-mthumb' '-mlittle-endian' '-MD' '-mfloat-abi=hard' '-mcpu=cortex-m55' '-std=c++14' '-o' 'CMakeFiles/cmTC_26b7e.dir/CMakeCXXCompilerABI.cpp.obj' '-c' '-mlibarch=armv8.1-m.main+fp.dp+mve.fp' '-march=armv8.1-m.main+fp.dp+mve.fp'
 /home/gcc-arm-none-eabi-10.3-2021.10/bin/../lib/gcc/arm-none-eabi/10.3.1/cc1plus -quiet -v -imultilib thumb/v8-m.main+dp/hard -iprefix /home/gcc-arm-none-eabi-10.3-2021.10/bin/../lib/gcc/arm-none-eabi/10.3.1/ -isysroot /home/gcc-arm-none-eabi-10.3-2021.10/bin/../arm-none-eabi -MD CMakeFiles/cmTC_26b7e.dir/CMakeCXXCompilerABI.cpp.d -MQ CMakeFiles/cmTC_26b7e.dir/CMakeCXXCompilerABI.cpp.obj -D__USES_INITFINI__ -D CPU_CORTEX_M55 -D CPU_HEADER_FILE="ARMCM55.h" /home/ml-embedded-evaluation-kit/resources_downloaded/env/lib/python3.9/site-packages/cmake/data/share/cmake-3.25/Modules/CMakeCXXCompilerABI.cpp -quiet -dumpbase CMakeCXXCompilerABI.cpp -mthumb -mlittle-endian -mfloat-abi=hard -mcpu=cortex-m55 -mlibarch=armv8.1-m.main+fp.dp+mve.fp -march=armv8.1-m.main+fp.dp+mve.fp -auxbase-strip CMakeFiles/cmTC_26b7e.dir/CMakeCXXCompilerABI.cpp.obj -Wall -Wextra -Wvla -Wno-psabi -std=c++14 -version -funsigned-char -fdata-sections -fno-function-sections -fno-unwind-tables -fno-rtti -fno-exceptions -o /tmp/ccPICwOq.s
GNU C++14 (GNU Arm Embedded Toolchain 10.3-2021.10) version 10.3.1 20210824 (release) (arm-none-eabi)
	compiled by GNU C version 4.8.4, GMP version 6.1.0, MPFR version 3.1.4, MPC version 1.0.3, isl version isl-0.18-GMP

GGC heuristics: --param ggc-min-expand=100 --param ggc-min-heapsize=131072
ignoring duplicate directory "/home/gcc-arm-none-eabi-10.3-2021.10/bin/../lib/gcc/../../lib/gcc/arm-none-eabi/10.3.1/../../../../arm-none-eabi/include/c++/10.3.1"
ignoring duplicate directory "/home/gcc-arm-none-eabi-10.3-2021.10/bin/../lib/gcc/../../lib/gcc/arm-none-eabi/10.3.1/../../../../arm-none-eabi/include/c++/10.3.1/arm-none-eabi/thumb/v8-m.main+dp/hard"
ignoring duplicate directory "/home/gcc-arm-none-eabi-10.3-2021.10/bin/../lib/gcc/../../lib/gcc/arm-none-eabi/10.3.1/../../../../arm-none-eabi/include/c++/10.3.1/backward"
ignoring duplicate directory "/home/gcc-arm-none-eabi-10.3-2021.10/bin/../lib/gcc/../../lib/gcc/arm-none-eabi/10.3.1/include"
ignoring nonexistent directory "/home/gcc-arm-none-eabi-10.3-2021.10/bin/../arm-none-eabi/usr/local/include"
ignoring duplicate directory "/home/gcc-arm-none-eabi-10.3-2021.10/bin/../lib/gcc/../../lib/gcc/arm-none-eabi/10.3.1/include-fixed"
ignoring duplicate directory "/home/gcc-arm-none-eabi-10.3-2021.10/bin/../lib/gcc/../../lib/gcc/arm-none-eabi/10.3.1/../../../../arm-none-eabi/include"
ignoring nonexistent directory "/home/gcc-arm-none-eabi-10.3-2021.10/bin/../arm-none-eabi/usr/include"
#include "..." search starts here:
#include <...> search starts here:
 /home/gcc-arm-none-eabi-10.3-2021.10/bin/../lib/gcc/arm-none-eabi/10.3.1/../../../../arm-none-eabi/include/c++/10.3.1
 /home/gcc-arm-none-eabi-10.3-2021.10/bin/../lib/gcc/arm-none-eabi/10.3.1/../../../../arm-none-eabi/include/c++/10.3.1/arm-none-eabi/thumb/v8-m.main+dp/hard
 /home/gcc-arm-none-eabi-10.3-2021.10/bin/../lib/gcc/arm-none-eabi/10.3.1/../../../../arm-none-eabi/include/c++/10.3.1/backward
 /home/gcc-arm-none-eabi-10.3-2021.10/bin/../lib/gcc/arm-none-eabi/10.3.1/include
 /home/gcc-arm-none-eabi-10.3-2021.10/bin/../lib/gcc/arm-none-eabi/10.3.1/include-fixed
 /home/gcc-arm-none-eabi-10.3-2021.10/bin/../lib/gcc/arm-none-eabi/10.3.1/../../../../arm-none-eabi/include
End of search list.
GNU C++14 (GNU Arm Embedded Toolchain 10.3-2021.10) version 10.3.1 20210824 (release) (arm-none-eabi)
	compiled by GNU C version 4.8.4, GMP version 6.1.0, MPFR version 3.1.4, MPC version 1.0.3, isl version isl-0.18-GMP

GGC heuristics: --param ggc-min-expand=100 --param ggc-min-heapsize=131072
Compiler executable checksum: 62a2c0a0f0d30bb0bbe5c686601adbb0
COLLECT_GCC_OPTIONS='-D' 'CPU_CORTEX_M55' '-D' 'CPU_HEADER_FILE="ARMCM55.h"' '-v' '-Wall' '-Wextra' '-Wvla' '-Wno-psabi' '-funsigned-char' '-fdata-sections' '-fno-function-sections' '-fno-unwind-tables' '-fno-rtti' '-fno-exceptions' '-mthumb' '-mlittle-endian' '-MD' '-mfloat-abi=hard' '-mcpu=cortex-m55' '-std=c++14' '-o' 'CMakeFiles/cmTC_26b7e.dir/CMakeCXXCompilerABI.cpp.obj' '-c' '-mlibarch=armv8.1-m.main+fp.dp+mve.fp' '-march=armv8.1-m.main+fp.dp+mve.fp'
 /home/gcc-arm-none-eabi-10.3-2021.10/bin/../lib/gcc/arm-none-eabi/10.3.1/../../../../arm-none-eabi/bin/as -v -EL -march=armv8.1-m.main+fp.dp+mve.fp -mfloat-abi=hard -meabi=5 -o CMakeFiles/cmTC_26b7e.dir/CMakeCXXCompilerABI.cpp.obj /tmp/ccPICwOq.s
GNU assembler version 2.36.1 (arm-none-eabi) using BFD version (GNU Arm Embedded Toolchain 10.3-2021.10) 2.36.1.20210621
COMPILER_PATH=/home/gcc-arm-none-eabi-10.3-2021.10/bin/../lib/gcc/arm-none-eabi/10.3.1/:/home/gcc-arm-none-eabi-10.3-2021.10/bin/../lib/gcc/:/home/gcc-arm-none-eabi-10.3-2021.10/bin/../lib/gcc/arm-none-eabi/10.3.1/../../../../arm-none-eabi/bin/
LIBRARY_PATH=/home/gcc-arm-none-eabi-10.3-2021.10/bin/../lib/gcc/arm-none-eabi/10.3.1/thumb/v8-m.main+dp/hard/:/home/gcc-arm-none-eabi-10.3-2021.10/bin/../lib/gcc/arm-none-eabi/10.3.1/../../../../arm-none-eabi/lib/thumb/v8-m.main+dp/hard/:/home/gcc-arm-none-eabi-10.3-2021.10/bin/../arm-none-eabi/lib/thumb/v8-m.main+dp/hard/:/home/gcc-arm-none-eabi-10.3-2021.10/bin/../lib/gcc/arm-none-eabi/10.3.1/:/home/gcc-arm-none-eabi-10.3-2021.10/bin/../lib/gcc/:/home/gcc-arm-none-eabi-10.3-2021.10/bin/../lib/gcc/arm-none-eabi/10.3.1/../../../../arm-none-eabi/lib/:/home/gcc-arm-none-eabi-10.3-2021.10/bin/../arm-none-eabi/lib/
COLLECT_GCC_OPTIONS='-D' 'CPU_CORTEX_M55' '-D' 'CPU_HEADER_FILE="ARMCM55.h"' '-v' '-Wall' '-Wextra' '-Wvla' '-Wno-psabi' '-funsigned-char' '-fdata-sections' '-fno-function-sections' '-fno-unwind-tables' '-fno-rtti' '-fno-exceptions' '-mthumb' '-mlittle-endian' '-MD' '-mfloat-abi=hard' '-mcpu=cortex-m55' '-std=c++14' '-o' 'CMakeFiles/cmTC_26b7e.dir/CMakeCXXCompilerABI.cpp.obj' '-c' '-mlibarch=armv8.1-m.main+fp.dp+mve.fp' '-march=armv8.1-m.main+fp.dp+mve.fp'
Linking CXX executable cmTC_26b7e
/home/ml-embedded-evaluation-kit/resources_downloaded/env/lib/python3.9/site-packages/cmake/data/bin/cmake -E cmake_link_script CMakeFiles/cmTC_26b7e.dir/link.txt --verbose=1
/home/gcc-arm-none-eabi-10.3-2021.10/bin/arm-none-eabi-g++  -v -mthumb -mcpu=cortex-m55 -mfloat-abi=hard -mlittle-endian --stats -Xlinker --gc-sections CMakeFiles/cmTC_26b7e.dir/CMakeCXXCompilerABI.cpp.obj -o cmTC_26b7e 
Using built-in specs.
COLLECT_GCC=/home/gcc-arm-none-eabi-10.3-2021.10/bin/arm-none-eabi-g++
COLLECT_LTO_WRAPPER=/home/gcc-arm-none-eabi-10.3-2021.10/bin/../lib/gcc/arm-none-eabi/10.3.1/lto-wrapper
Target: arm-none-eabi
Configured with: /mnt/workspace/workspace/GCC-10-pipeline/jenkins-GCC-10-pipeline-338_20211018_1634516203/src/gcc/configure --target=arm-none-eabi --prefix=/mnt/workspace/workspace/GCC-10-pipeline/jenkins-GCC-10-pipeline-338_20211018_1634516203/install-native --libexecdir=/mnt/workspace/workspace/GCC-10-pipeline/jenkins-GCC-10-pipeline-338_20211018_1634516203/install-native/lib --infodir=/mnt/workspace/workspace/GCC-10-pipeline/jenkins-GCC-10-pipeline-338_20211018_1634516203/install-native/share/doc/gcc-arm-none-eabi/info --mandir=/mnt/workspace/workspace/GCC-10-pipeline/jenkins-GCC-10-pipeline-338_20211018_1634516203/install-native/share/doc/gcc-arm-none-eabi/man --htmldir=/mnt/workspace/workspace/GCC-10-pipeline/jenkins-GCC-10-pipeline-338_20211018_1634516203/install-native/share/doc/gcc-arm-none-eabi/html --pdfdir=/mnt/workspace/workspace/GCC-10-pipeline/jenkins-GCC-10-pipeline-338_20211018_1634516203/install-native/share/doc/gcc-arm-none-eabi/pdf --enable-languages=c,c++ --enable-plugins --disable-decimal-float --disable-libffi --disable-libgomp --disable-libmudflap --disable-libquadmath --disable-libssp --disable-libstdcxx-pch --disable-nls --disable-shared --disable-threads --disable-tls --with-gnu-as --with-gnu-ld --with-newlib --with-headers=yes --with-python-dir=share/gcc-arm-none-eabi --with-sysroot=/mnt/workspace/workspace/GCC-10-pipeline/jenkins-GCC-10-pipeline-338_20211018_1634516203/install-native/arm-none-eabi --build=x86_64-linux-gnu --host=x86_64-linux-gnu --with-gmp=/mnt/workspace/workspace/GCC-10-pipeline/jenkins-GCC-10-pipeline-338_20211018_1634516203/build-native/host-libs/usr --with-mpfr=/mnt/workspace/workspace/GCC-10-pipeline/jenkins-GCC-10-pipeline-338_20211018_1634516203/build-native/host-libs/usr --with-mpc=/mnt/workspace/workspace/GCC-10-pipeline/jenkins-GCC-10-pipeline-338_20211018_1634516203/build-native/host-libs/usr --with-isl=/mnt/workspace/workspace/GCC-10-pipeline/jenkins-GCC-10-pipeline-338_20211018_1634516203/build-native/host-libs/usr --with-libelf=/mnt/workspace/workspace/GCC-10-pipeline/jenkins-GCC-10-pipeline-338_20211018_1634516203/build-native/host-libs/usr --with-host-libstdcxx='-static-libgcc -Wl,-Bstatic,-lstdc++,-Bdynamic -lm' --with-pkgversion='GNU Arm Embedded Toolchain 10.3-2021.10' --with-multilib-list=rmprofile,aprofile
Thread model: single
Supported LTO compression algorithms: zlib
gcc version 10.3.1 20210824 (release) (GNU Arm Embedded Toolchain 10.3-2021.10) 
COMPILER_PATH=/home/gcc-arm-none-eabi-10.3-2021.10/bin/../lib/gcc/arm-none-eabi/10.3.1/:/home/gcc-arm-none-eabi-10.3-2021.10/bin/../lib/gcc/:/home/gcc-arm-none-eabi-10.3-2021.10/bin/../lib/gcc/arm-none-eabi/10.3.1/../../../../arm-none-eabi/bin/
LIBRARY_PATH=/home/gcc-arm-none-eabi-10.3-2021.10/bin/../lib/gcc/arm-none-eabi/10.3.1/thumb/v8-m.main+dp/hard/:/home/gcc-arm-none-eabi-10.3-2021.10/bin/../lib/gcc/arm-none-eabi/10.3.1/../../../../arm-none-eabi/lib/thumb/v8-m.main+dp/hard/:/home/gcc-arm-none-eabi-10.3-2021.10/bin/../arm-none-eabi/lib/thumb/v8-m.main+dp/hard/:/home/gcc-arm-none-eabi-10.3-2021.10/bin/../lib/gcc/arm-none-eabi/10.3.1/:/home/gcc-arm-none-eabi-10.3-2021.10/bin/../lib/gcc/:/home/gcc-arm-none-eabi-10.3-2021.10/bin/../lib/gcc/arm-none-eabi/10.3.1/../../../../arm-none-eabi/lib/:/home/gcc-arm-none-eabi-10.3-2021.10/bin/../arm-none-eabi/lib/
COLLECT_GCC_OPTIONS='-v' '-mthumb' '-mcpu=cortex-m55' '-mfloat-abi=hard' '-mlittle-endian' '-fstats' '-o' 'cmTC_26b7e' '-mlibarch=armv8.1-m.main+fp.dp+mve.fp' '-march=armv8.1-m.main+fp.dp+mve.fp'
 /home/gcc-arm-none-eabi-10.3-2021.10/bin/../lib/gcc/arm-none-eabi/10.3.1/collect2 -plugin /home/gcc-arm-none-eabi-10.3-2021.10/bin/../lib/gcc/arm-none-eabi/10.3.1/liblto_plugin.so -plugin-opt=/home/gcc-arm-none-eabi-10.3-2021.10/bin/../lib/gcc/arm-none-eabi/10.3.1/lto-wrapper -plugin-opt=-fresolution=/tmp/ccRSMYHW.res -plugin-opt=-pass-through=-lgcc -plugin-opt=-pass-through=-lc --sysroot=/home/gcc-arm-none-eabi-10.3-2021.10/bin/../arm-none-eabi -EL -X -o cmTC_26b7e /home/gcc-arm-none-eabi-10.3-2021.10/bin/../lib/gcc/arm-none-eabi/10.3.1/thumb/v8-m.main+dp/hard/crti.o /home/gcc-arm-none-eabi-10.3-2021.10/bin/../lib/gcc/arm-none-eabi/10.3.1/thumb/v8-m.main+dp/hard/crtbegin.o /home/gcc-arm-none-eabi-10.3-2021.10/bin/../lib/gcc/arm-none-eabi/10.3.1/../../../../arm-none-eabi/lib/thumb/v8-m.main+dp/hard/crt0.o -L/home/gcc-arm-none-eabi-10.3-2021.10/bin/../lib/gcc/arm-none-eabi/10.3.1/thumb/v8-m.main+dp/hard -L/home/gcc-arm-none-eabi-10.3-2021.10/bin/../lib/gcc/arm-none-eabi/10.3.1/../../../../arm-none-eabi/lib/thumb/v8-m.main+dp/hard -L/home/gcc-arm-none-eabi-10.3-2021.10/bin/../arm-none-eabi/lib/thumb/v8-m.main+dp/hard -L/home/gcc-arm-none-eabi-10.3-2021.10/bin/../lib/gcc/arm-none-eabi/10.3.1 -L/home/gcc-arm-none-eabi-10.3-2021.10/bin/../lib/gcc -L/home/gcc-arm-none-eabi-10.3-2021.10/bin/../lib/gcc/arm-none-eabi/10.3.1/../../../../arm-none-eabi/lib -L/home/gcc-arm-none-eabi-10.3-2021.10/bin/../arm-none-eabi/lib --gc-sections CMakeFiles/cmTC_26b7e.dir/CMakeCXXCompilerABI.cpp.obj -lstdc++ -lm --start-group -lgcc -lc --end-group /home/gcc-arm-none-eabi-10.3-2021.10/bin/../lib/gcc/arm-none-eabi/10.3.1/thumb/v8-m.main+dp/hard/crtend.o /home/gcc-arm-none-eabi-10.3-2021.10/bin/../lib/gcc/arm-none-eabi/10.3.1/thumb/v8-m.main+dp/hard/crtn.o
/home/gcc-arm-none-eabi-10.3-2021.10/bin/../lib/gcc/arm-none-eabi/10.3.1/../../../../arm-none-eabi/bin/ld: /home/gcc-arm-none-eabi-10.3-2021.10/bin/../lib/gcc/arm-none-eabi/10.3.1/../../../../arm-none-eabi/lib/thumb/v8-m.main+dp/hard/libc.a(lib_a-exit.o): in function `exit':
exit.c:(.text.exit+0x16): undefined reference to `_exit'
collect2: error: ld returned 1 exit status
make[1]: *** [CMakeFiles/cmTC_26b7e.dir/build.make:99: cmTC_26b7e] Error 1
make[1]: Leaving directory '/home/alif_b_ml-embedded-evaluation-kit-main/build_he/CMakeFiles/CMakeScratch/TryCompile-tbri6a'
make: *** [Makefile:127: cmTC_26b7e/fast] Error 2




